
**** Build of configuration Debug for project lab3 ****

"C:\\ti\\ccs1000\\ccs\\utils\\bin\\gmake" -k -j 12 all -O 
 
Building file: "../cstartup_M.c"
Invoking: ARM Compiler
"C:/ti/ccs1000/ccs/tools/compiler/ti-cgt-arm_20.2.0.LTS/bin/armcl" -mv7M4 --code_state=16 --float_support=FPv4SPD16 -me --include_path="C:/Users/KuldeepGohil/Desktop/CECS 447/lab3 ccs/lab3" --include_path="C:/ti/ccs1000/ccs/tools/compiler/ti-cgt-arm_20.2.0.LTS/include" --define=ccs="ccs" --define=PART_TM4C123GH6PM -g --gcc --diag_warning=225 --diag_wrap=off --display_error_number --abi=eabi --preproc_with_compile --preproc_dependency="cstartup_M.d_raw"  "../cstartup_M.c"
 
>> Compilation failure
subdir_rules.mk:9: recipe for target 'cstartup_M.obj' failed
"../cstartup_M.c", line 12: warning #163-D: unrecognized #pragma
"../cstartup_M.c", line 13: warning #163-D: unrecognized #pragma
"../cstartup_M.c", line 43: error #159: expression must be an integral constant expression
"../cstartup_M.c", line 46: error #60: function call is not allowed in a constant expression
"../cstartup_M.c", line 86: warning #163-D: unrecognized #pragma
"../cstartup_M.c", line 87: warning #78-D: this declaration has no storage class or type specifier
"../cstartup_M.c", line 87: error #66: expected a ";"
"../cstartup_M.c", line 88: warning #163-D: unrecognized #pragma
"../cstartup_M.c", line 90: warning #163-D: unrecognized #pragma
"../cstartup_M.c", line 92: warning #163-D: unrecognized #pragma
"../cstartup_M.c", line 94: warning #163-D: unrecognized #pragma
"../cstartup_M.c", line 96: warning #163-D: unrecognized #pragma
"../cstartup_M.c", line 98: warning #163-D: unrecognized #pragma
"../cstartup_M.c", line 100: warning #163-D: unrecognized #pragma
"../cstartup_M.c", line 102: warning #163-D: unrecognized #pragma
"../cstartup_M.c", line 104: warning #163-D: unrecognized #pragma
"../cstartup_M.c", line 110: warning #12-D: parsing restarts here after previous syntax error
"../cstartup_M.c", line 111: warning #78-D: this declaration has no storage class or type specifier
"../cstartup_M.c", line 111: error #66: expected a ";"
"../cstartup_M.c", line 112: warning #78-D: this declaration has no storage class or type specifier
"../cstartup_M.c", line 112: error #66: expected a ";"
"../cstartup_M.c", line 114: warning #163-D: unrecognized #pragma
"../cstartup_M.c", line 117: warning #225-D: function "__iar_init_core" declared implicitly
"../cstartup_M.c", line 118: warning #225-D: function "__iar_init_vfp" declared implicitly
"../cstartup_M.c", line 119: warning #225-D: function "__cmain" declared implicitly
5 errors detected in the compilation of "../cstartup_M.c".
gmake: *** [cstartup_M.obj] Error 1
Building file: "../main.c"
Invoking: ARM Compiler
"C:/ti/ccs1000/ccs/tools/compiler/ti-cgt-arm_20.2.0.LTS/bin/armcl" -mv7M4 --code_state=16 --float_support=FPv4SPD16 -me --include_path="C:/Users/KuldeepGohil/Desktop/CECS 447/lab3 ccs/lab3" --include_path="C:/ti/ccs1000/ccs/tools/compiler/ti-cgt-arm_20.2.0.LTS/include" --define=ccs="ccs" --define=PART_TM4C123GH6PM -g --gcc --diag_warning=225 --diag_wrap=off --display_error_number --abi=eabi --preproc_with_compile --preproc_dependency="main.d_raw"  "../main.c"
 
>> Compilation failure
subdir_rules.mk:9: recipe for target 'main.obj' failed
"../main.c", line 10: error #20: identifier "uint32_t" is undefined
"../main.c", line 14: error #20: identifier "ADC1" is undefined
"../main.c", line 28: error #20: identifier "SYSCTL" is undefined
"../main.c", line 36: error #20: identifier "GPIOE" is undefined
"../main.c", line 39: error #20: identifier "GPIOF" is undefined
"../main.c", line 59: error #20: identifier "ADC1" is undefined
"../main.c", line 80: warning #225-D: function "NVIC_EnableIRQ" declared implicitly
"../main.c", line 80: error #20: identifier "ADC1SS3_IRQn" is undefined
"../main.c", line 94: warning #112-D: statement is unreachable
7 errors detected in the compilation of "../main.c".
gmake: *** [main.obj] Error 1
Building file: "../tm4c123gh6pm_startup_ccs.c"
Invoking: ARM Compiler
"C:/ti/ccs1000/ccs/tools/compiler/ti-cgt-arm_20.2.0.LTS/bin/armcl" -mv7M4 --code_state=16 --float_support=FPv4SPD16 -me --include_path="C:/Users/KuldeepGohil/Desktop/CECS 447/lab3 ccs/lab3" --include_path="C:/ti/ccs1000/ccs/tools/compiler/ti-cgt-arm_20.2.0.LTS/include" --define=ccs="ccs" --define=PART_TM4C123GH6PM -g --gcc --diag_warning=225 --diag_wrap=off --display_error_number --abi=eabi --preproc_with_compile --preproc_dependency="tm4c123gh6pm_startup_ccs.d_raw"  "../tm4c123gh6pm_startup_ccs.c"
Finished building: "../tm4c123gh6pm_startup_ccs.c"
 
gmake: Target 'all' not remade because of errors.

**** Build Finished ****

**** Clean-only build of configuration Debug for project TivaBluetooth ****

"C:\\ti\\ccs1000\\ccs\\utils\\bin\\gmake" -k clean 
 
DEL /F  "TivaBluetooth.hex"  "TivaBluetooth.out" 
DEL /F "tivaCbluetooth.obj" "tm4c123gh6pm_startup_ccs.obj" 
DEL /F "tivaCbluetooth.d" "tm4c123gh6pm_startup_ccs.d" 
Finished clean
 

**** Build Finished ****

**** Build of configuration Debug for project TivaBluetooth ****

"C:\\ti\\ccs1000\\ccs\\utils\\bin\\gmake" -k all 
 
Building file: "../tivaCbluetooth.c"
Invoking: ARM Compiler
"C:/ti/ccs1000/ccs/tools/compiler/ti-cgt-arm_20.2.0.LTS/bin/armcl" -mv7M4 --code_state=16 --float_support=FPv4SPD16 -me --include_path="C:/ti/ccs1000/ccs/tools/compiler/ti-cgt-arm_20.2.0.LTS/include" --include_path="C:/ti/ccs1000/ccs/TivaWare_C_Series-2.1.4.178" --define=ccs="ccs" --define=PART_TM4C123GH6PM -g --gcc --diag_warning=225 --diag_wrap=off --display_error_number --abi=eabi --preproc_with_compile --preproc_dependency="tivaCbluetooth.d_raw"  "../tivaCbluetooth.c"
Finished building: "../tivaCbluetooth.c"
 
Building file: "../tm4c123gh6pm_startup_ccs.c"
Invoking: ARM Compiler
"C:/ti/ccs1000/ccs/tools/compiler/ti-cgt-arm_20.2.0.LTS/bin/armcl" -mv7M4 --code_state=16 --float_support=FPv4SPD16 -me --include_path="C:/ti/ccs1000/ccs/tools/compiler/ti-cgt-arm_20.2.0.LTS/include" --include_path="C:/ti/ccs1000/ccs/TivaWare_C_Series-2.1.4.178" --define=ccs="ccs" --define=PART_TM4C123GH6PM -g --gcc --diag_warning=225 --diag_wrap=off --display_error_number --abi=eabi --preproc_with_compile --preproc_dependency="tm4c123gh6pm_startup_ccs.d_raw"  "../tm4c123gh6pm_startup_ccs.c"
Finished building: "../tm4c123gh6pm_startup_ccs.c"
 
Building target: "TivaBluetooth.out"
Invoking: ARM Linker
"C:/ti/ccs1000/ccs/tools/compiler/ti-cgt-arm_20.2.0.LTS/bin/armcl" -mv7M4 --code_state=16 --float_support=FPv4SPD16 -me --define=ccs="ccs" --define=PART_TM4C123GH6PM -g --gcc --diag_warning=225 --diag_wrap=off --display_error_number --abi=eabi -z -m"TivaBluetooth.map" --heap_size=0 --stack_size=2048 -i"C:/ti/ccs1000/ccs/tools/compiler/ti-cgt-arm_20.2.0.LTS/lib" -i"C:/ti/ccs1000/ccs/tools/compiler/ti-cgt-arm_20.2.0.LTS/include" --reread_libs --diag_wrap=off --display_error_number --warn_sections --xml_link_info="TivaBluetooth_linkInfo.xml" --rom_model -o "TivaBluetooth.out" "./tivaCbluetooth.obj" "./tm4c123gh6pm_startup_ccs.obj" "../driverlib.lib" "../tm4c123gh6pm.cmd"  -llibc.a 
<Linking>
Finished building target: "TivaBluetooth.out"
 

**** Build Finished ****
